Start time: 16:28:49 on Apr 12,2024
qverilog num_pat.sv 
-- Compiling module num_pat
** Warning: num_pat.sv(13): (qverilog-2897) Using non-standard foreach loop variable list syntax.
** Warning: num_pat.sv(38): (qverilog-2240) Treating stand-alone use of function 'randomize' as an implicit VOID cast.

Top level modules:
	num_pat
# vsim -lib work work.num_pat -c -do "run -all; quit -f" -appendlog -l qverilog.log -vopt 
# ** Note: (vsim-3813) Design is being optimized due to module recompilation...
# ** Warning: num_pat.sv(13): (vopt-2897) Using non-standard foreach loop variable list syntax.
# ** Warning: num_pat.sv(38): (vopt-2240) Treating stand-alone use of function 'randomize' as an implicit VOID cast.
# //  Questa Sim-64
# //  Version 10.7c win64 Aug 18 2018
# //
# //  Copyright 1991-2018 Mentor Graphics Corporation
# //  All Rights Reserved.
# //
# //  QuestaSim and its associated documentation contain trade
# //  secrets and commercial or financial information that are the property of
# //  Mentor Graphics Corporation and are privileged, confidential,
# //  and exempt from disclosure under the Freedom of Information Act,
# //  5 U.S.C. Section 552. Furthermore, this information
# //  is prohibited from disclosure under the Trade Secrets Act,
# //  18 U.S.C. Section 1905.
# //
# Loading sv_std.std
# Loading work.num_pat(fast)
# run -all
#           1           0           0           0           0 
# 
#           2           4           0           0           0 
# 
#           3           6           9           0           0 
# 
#           4           8          12          16           0 
# 
#           5          10          15          20          25 
# 
# arr='{'{1, 0, 0, 0, 0}, '{2, 4, 0, 0, 0}, '{3, 6, 9, 0, 0}, '{4, 8, 12, 16, 0}, '{5, 10, 15, 20, 25}}
#  quit -f
# End time: 16:28:54 on Apr 12,2024, Elapsed time: 0:00:05
# Errors: 0, Warnings: 4
