Start time: 14:48:38 on Apr 17,2024
qverilog mod.sv 
-- Compiling module mod

Top level modules:
	mod
# vsim -lib work work.mod -c -do "run -all; quit -f" -appendlog -l qverilog.log -vopt 
# ** Note: (vsim-3813) Design is being optimized due to module recompilation...
# //  Questa Sim-64
# //  Version 10.7c win64 Aug 18 2018
# //
# //  Copyright 1991-2018 Mentor Graphics Corporation
# //  All Rights Reserved.
# //
# //  QuestaSim and its associated documentation contain trade
# //  secrets and commercial or financial information that are the property of
# //  Mentor Graphics Corporation and are privileged, confidential,
# //  and exempt from disclosure under the Freedom of Information Act,
# //  5 U.S.C. Section 552. Furthermore, this information
# //  is prohibited from disclosure under the Trade Secrets Act,
# //  18 U.S.C. Section 1905.
# //
# Loading sv_std.std
# Loading work.mod(fast)
# run -all
# arr is '{12, 2, 23, 13, 28, 26, 14, 20, 10, 8, 6, 19, 24, 25, 3, 30, 27}
#  quit -f
# End time: 14:48:43 on Apr 17,2024, Elapsed time: 0:00:05
# Errors: 0, Warnings: 0
