Start time: 10:57:49 on Apr 12,2024
qverilog rand.sv 
-- Compiling module ex
** Warning: rand.sv(22): (qverilog-2240) Treating stand-alone use of function 'randomize' as an implicit VOID cast.
** Warning: rand.sv(22): (qverilog-2961) Argument #1 for std::randomize() function is non-LRM compliant.
** Warning: rand.sv(22): (qverilog-2961) Argument #2 for std::randomize() function is non-LRM compliant.

Top level modules:
	ex
# vsim -lib work work.ex -c -do "run -all; quit -f" -appendlog -l qverilog.log -vopt 
# ** Note: (vsim-3813) Design is being optimized due to module recompilation...
# ** Warning: rand.sv(22): (vopt-2240) Treating stand-alone use of function 'randomize' as an implicit VOID cast.
# ** Warning: rand.sv(22): (vopt-2961) Argument #1 for std::randomize() function is non-LRM compliant.
# ** Warning: rand.sv(22): (vopt-2961) Argument #2 for std::randomize() function is non-LRM compliant.
# //  Questa Sim-64
# //  Version 10.7c win64 Aug 18 2018
# //
# //  Copyright 1991-2018 Mentor Graphics Corporation
# //  All Rights Reserved.
# //
# //  QuestaSim and its associated documentation contain trade
# //  secrets and commercial or financial information that are the property of
# //  Mentor Graphics Corporation and are privileged, confidential,
# //  and exempt from disclosure under the Freedom of Information Act,
# //  5 U.S.C. Section 552. Furthermore, this information
# //  is prohibited from disclosure under the Trade Secrets Act,
# //  18 U.S.C. Section 1905.
# //
# Loading sv_std.std
# Loading work.ex(fast)
# run -all
# A==         22 | y==11
# A==         34 | y== 4
# A==         19 | y== 5
# A==         34 | y== 7
# A==         28 | y== 3
# A==         90 | y==10
# A==         78 | y== 7
# A==         74 | y== 7
# A==         99 | y== 9
# A==         66 | y== 6
#  quit -f
# End time: 10:57:54 on Apr 12,2024, Elapsed time: 0:00:05
# Errors: 0, Warnings: 6
