Start time: 21:58:24 on Apr 01,2024
qverilog exp.sv 
-- Compiling package exp_sv_unit
-- Compiling module m

Top level modules:
	m
# vsim -lib work work.exp_sv_unit work.m -c -do "run -all; quit -f" -appendlog -l qverilog.log -vopt 
# ** Note: (vsim-3813) Design is being optimized due to module recompilation...
# //  Questa Sim-64
# //  Version 10.7c win64 Aug 18 2018
# //
# //  Copyright 1991-2018 Mentor Graphics Corporation
# //  All Rights Reserved.
# //
# //  QuestaSim and its associated documentation contain trade
# //  secrets and commercial or financial information that are the property of
# //  Mentor Graphics Corporation and are privileged, confidential,
# //  and exempt from disclosure under the Freedom of Information Act,
# //  5 U.S.C. Section 552. Furthermore, this information
# //  is prohibited from disclosure under the Trade Secrets Act,
# //  18 U.S.C. Section 1905.
# //
# Loading sv_std.std
# Loading work.exp_sv_unit(fast)
# Loading work.m(fast)
# run -all
# NAMASTE
#  quit -f
# End time: 21:58:28 on Apr 01,2024, Elapsed time: 0:00:04
# Errors: 0, Warnings: 0
