Start time: 13:51:45 on Mar 29,2024
qverilog exp.sv 
-- Compiling module exp

Top level modules:
	exp
# vsim -lib work work.exp -c -do "run -all; quit -f" -appendlog -l qverilog.log -vopt 
# ** Note: (vsim-3812) Design is being optimized...
# //  Questa Sim-64
# //  Version 10.7c win64 Aug 18 2018
# //
# //  Copyright 1991-2018 Mentor Graphics Corporation
# //  All Rights Reserved.
# //
# //  QuestaSim and its associated documentation contain trade
# //  secrets and commercial or financial information that are the property of
# //  Mentor Graphics Corporation and are privileged, confidential,
# //  and exempt from disclosure under the Freedom of Information Act,
# //  5 U.S.C. Section 552. Furthermore, this information
# //  is prohibited from disclosure under the Trade Secrets Act,
# //  18 U.S.C. Section 1905.
# //
# Loading sv_std.std
# Loading work.exp(fast)
# run -all
# the que is '{62, 20, 64, 60, 16}
# the upadeted que after adding element is '{17, 62, 20, 64, 60, 16}
# the upadeted que after adding element is '{7, 17, 62, 20, 64, 60, 16}
# the upadeted que after adding element is '{7, 17, 62, 20, 64, 60, 16, 33}
# the upadeted que after adding element is '{7, 17, 62, 20, 29, 64, 60, 16, 33}
# the first element of the queue           7
# the last element of the queue          33
# the upadeted que after deleting element @ 4 is '{17, 62, 20, 29, 60, 16}
# the size is           6
# the elements of que are          17
# the elements of que are          62
# the elements of que are          20
# the elements of que are          29
# the elements of que are          60
# the elements of que are          16
#  quit -f
# End time: 13:51:50 on Mar 29,2024, Elapsed time: 0:00:05
# Errors: 0, Warnings: 0
