Start time: 13:18:23 on Apr 02,2024
qverilog exp.sv 
-- Compiling package exp_sv_unit
-- Compiling module exp

Top level modules:
	exp
# vsim -lib work work.exp_sv_unit work.exp -c -do "run -all; quit -f" -appendlog -l qverilog.log -vopt 
# ** Note: (vsim-3812) Design is being optimized...
# ** Warning: exp.sv(29): (vopt-2250) Function "read" has no return value assignment.
# //  Questa Sim-64
# //  Version 10.7c win64 Aug 18 2018
# //
# //  Copyright 1991-2018 Mentor Graphics Corporation
# //  All Rights Reserved.
# //
# //  QuestaSim and its associated documentation contain trade
# //  secrets and commercial or financial information that are the property of
# //  Mentor Graphics Corporation and are privileged, confidential,
# //  and exempt from disclosure under the Freedom of Information Act,
# //  5 U.S.C. Section 552. Furthermore, this information
# //  is prohibited from disclosure under the Trade Secrets Act,
# //  18 U.S.C. Section 1905.
# //
# Loading sv_std.std
# Loading work.exp_sv_unit(fast)
# Loading work.exp(fast)
# run -all
# you are in general
# you are in general
# you are in general
#  quit -f
# End time: 13:18:29 on Apr 02,2024, Elapsed time: 0:00:06
# Errors: 0, Warnings: 1
