Start time: 12:52:20 on Apr 18,2024
qverilog top.sv 
-- Compiling interface hf_intf
-- Compiling module hf
-- Compiling module tb
** Warning: ** while parsing file included at top.sv(3)
** at tb.sv(3): (qverilog-2244) Variable 'x' is implicitly static. You must either explicitly declare it as static or automatic
or remove the initialization in the declaration of variable.
-- Compiling module top

Top level modules:
	top
# vsim -lib work work.top -c -do "run -all; quit -f" -appendlog -l qverilog.log -vopt 
# ** Note: (vsim-3813) Design is being optimized due to module recompilation...
# ** Warning: tb.sv(3): (vopt-2244) Variable 'x' is implicitly static. You must either explicitly declare it as static or automatic
# or remove the initialization in the declaration of variable.
# //  Questa Sim-64
# //  Version 10.7c win64 Aug 18 2018
# //
# //  Copyright 1991-2018 Mentor Graphics Corporation
# //  All Rights Reserved.
# //
# //  QuestaSim and its associated documentation contain trade
# //  secrets and commercial or financial information that are the property of
# //  Mentor Graphics Corporation and are privileged, confidential,
# //  and exempt from disclosure under the Freedom of Information Act,
# //  5 U.S.C. Section 552. Furthermore, this information
# //  is prohibited from disclosure under the Trade Secrets Act,
# //  18 U.S.C. Section 1905.
# //
# Loading sv_std.std
# Loading work.top(fast)
# Loading work.hf(fast)
# Loading work.tb(fast)
# run -all
# X is           1
# carry is 0
#  quit -f
# End time: 12:52:25 on Apr 18,2024, Elapsed time: 0:00:05
# Errors: 0, Warnings: 2
