Start time: 17:50:47 on Apr 22,2024
qverilog and_top.sv 
-- Compiling interface and_intf
-- Compiling module and_d
-- Compiling package pkg
-- Compiling module envir
-- Importing package pkg
-- Compiling module top

Top level modules:
	top
# vsim -lib work work.top -c -do "run -all; quit -f" -appendlog -l qverilog.log -vopt 
# ** Note: (vsim-8009) Loading existing optimized design _opt
# //  Questa Sim-64
# //  Version 10.7c win64 Aug 18 2018
# //
# //  Copyright 1991-2018 Mentor Graphics Corporation
# //  All Rights Reserved.
# //
# //  QuestaSim and its associated documentation contain trade
# //  secrets and commercial or financial information that are the property of
# //  Mentor Graphics Corporation and are privileged, confidential,
# //  and exempt from disclosure under the Freedom of Information Act,
# //  5 U.S.C. Section 552. Furthermore, this information
# //  is prohibited from disclosure under the Trade Secrets Act,
# //  18 U.S.C. Section 1905.
# //
# Loading sv_std.std
# Loading work.top(fast)
# Loading work.and_d(fast)
# Loading work.pkg(fast)
# Loading work.envir(fast)
# run -all
# 1
# 0
# 0
#  quit -f
# End time: 17:50:51 on Apr 22,2024, Elapsed time: 0:00:04
# Errors: 0, Warnings: 0
