Start time: 11:01:24 on Apr 16,2024
qverilog sclass_mail.sv 
-- Compiling module same_class_mail

Top level modules:
	same_class_mail
# vsim -lib work work.same_class_mail -c -do "run -all; quit -f" -appendlog -l qverilog.log -vopt 
# ** Note: (vsim-3813) Design is being optimized due to module recompilation...
# //  Questa Sim-64
# //  Version 10.7c win64 Aug 18 2018
# //
# //  Copyright 1991-2018 Mentor Graphics Corporation
# //  All Rights Reserved.
# //
# //  QuestaSim and its associated documentation contain trade
# //  secrets and commercial or financial information that are the property of
# //  Mentor Graphics Corporation and are privileged, confidential,
# //  and exempt from disclosure under the Freedom of Information Act,
# //  5 U.S.C. Section 552. Furthermore, this information
# //  is prohibited from disclosure under the Trade Secrets Act,
# //  18 U.S.C. Section 1905.
# //
# Loading sv_std.std
# Loading work.same_class_mail(fast)
# run -all
# number is           0
# number is           5
# number is           5
# arr_q[0]=         13
# arr_q[1]=         13
# arr_q[2]=         13
# arr_q[3]=         13
# arr_q[4]=         13
#  quit -f
# End time: 11:01:28 on Apr 16,2024, Elapsed time: 0:00:04
# Errors: 0, Warnings: 0
