Start time: 13:56:44 on Mar 29,2024
qverilog exp.sv 
-- Compiling module exp

Top level modules:
	exp
# vsim -lib work work.exp -c -do "run -all; quit -f" -appendlog -l qverilog.log -vopt 
# ** Note: (vsim-3812) Design is being optimized...
# //  Questa Sim-64
# //  Version 10.7c win64 Aug 18 2018
# //
# //  Copyright 1991-2018 Mentor Graphics Corporation
# //  All Rights Reserved.
# //
# //  QuestaSim and its associated documentation contain trade
# //  secrets and commercial or financial information that are the property of
# //  Mentor Graphics Corporation and are privileged, confidential,
# //  and exempt from disclosure under the Freedom of Information Act,
# //  5 U.S.C. Section 552. Furthermore, this information
# //  is prohibited from disclosure under the Trade Secrets Act,
# //  18 U.S.C. Section 1905.
# //
# Loading sv_std.std
# Loading work.exp(fast)
# run -all
# array is '{'{'{0, 1, 0}, '{1, 0, 1}, '{0, 1, 0}, '{1, 0, 1}}, '{'{1, 0, 1}, '{0, 1, 0}, '{1, 0, 1}, '{0, 1, 0}}, '{'{0, 1, 0}, '{1, 0, 1}, '{0, 1, 0}, '{1, 0, 1}}, '{'{1, 0, 1}, '{0, 1, 0}, '{1, 0, 1}, '{0, 1, 0}}}
# arrayp is 555aaa555aaa0000000000000
# arrayp is 555aaa555aaa000fffff00000
#  quit -f
# End time: 13:56:48 on Mar 29,2024, Elapsed time: 0:00:04
# Errors: 0, Warnings: 0
