Start time: 17:46:56 on Apr 12,2024
qverilog exp.sv 
-- Compiling module exp
** Warning: exp.sv(43): (qverilog-2240) Treating stand-alone use of function 'randomize' as an implicit VOID cast.

Top level modules:
	exp
# vsim -lib work work.exp -c -do "run -all; quit -f" -appendlog -l qverilog.log -vopt 
# ** Note: (vsim-3813) Design is being optimized due to module recompilation...
# ** Warning: exp.sv(43): (vopt-2240) Treating stand-alone use of function 'randomize' as an implicit VOID cast.
# //  Questa Sim-64
# //  Version 10.7c win64 Aug 18 2018
# //
# //  Copyright 1991-2018 Mentor Graphics Corporation
# //  All Rights Reserved.
# //
# //  QuestaSim and its associated documentation contain trade
# //  secrets and commercial or financial information that are the property of
# //  Mentor Graphics Corporation and are privileged, confidential,
# //  and exempt from disclosure under the Freedom of Information Act,
# //  5 U.S.C. Section 552. Furthermore, this information
# //  is prohibited from disclosure under the Trade Secrets Act,
# //  18 U.S.C. Section 1905.
# //
# Loading sv_std.std
# Loading work.exp(fast)
# run -all
# arr1 = '{38, 51, 71, 50, 67, 97, 17, 43, 42, 27, 83, 84, 87, 25, 43, 80, 33, 57, 12, 89, 45, 52, 13, 36, 27, 73, 7, 54, 5, 51, 93, 67, 59, 36, 65}
# arr2 = '{13, 2, 1, 1, 3, 11, 2, 20, 4, 1, 1, 1, 1, 2, 1, 6, 3, 2, 4, 1, 9, 5, 5}
# arr3 = '{16, 25, 85, 11, 52}
#  quit -f
# End time: 17:47:01 on Apr 12,2024, Elapsed time: 0:00:05
# Errors: 0, Warnings: 2
