Start time: 10:20:52 on Apr 01,2024
qverilog multi_object.sv 
-- Compiling package multi_object_sv_unit
-- Compiling module exp

Top level modules:
	exp
# vsim -lib work work.multi_object_sv_unit work.exp -c -do "run -all; quit -f" -appendlog -l qverilog.log -vopt 
# ** Note: (vsim-3813) Design is being optimized due to module recompilation...
# //  Questa Sim-64
# //  Version 10.7c win64 Aug 18 2018
# //
# //  Copyright 1991-2018 Mentor Graphics Corporation
# //  All Rights Reserved.
# //
# //  QuestaSim and its associated documentation contain trade
# //  secrets and commercial or financial information that are the property of
# //  Mentor Graphics Corporation and are privileged, confidential,
# //  and exempt from disclosure under the Freedom of Information Act,
# //  5 U.S.C. Section 552. Furthermore, this information
# //  is prohibited from disclosure under the Trade Secrets Act,
# //  18 U.S.C. Section 1905.
# //
# Loading sv_std.std
# Loading work.multi_object_sv_unit(fast)
# Loading work.exp(fast)
# run -all
# the string is tanish and number is          23
# ** Fatal: (SIGSEGV) Bad handle or reference.
#    Time: 0 ns  Iteration: 0  Process: /exp/#INITIAL#13 File: multi_object.sv
# Fatal error at multi_object.sv line 19
# 
# HDL call sequence:
# Stopped at multi_object.sv 19  
# 
#  quit -f
# End time: 10:20:56 on Apr 01,2024, Elapsed time: 0:00:04
# Errors: 2, Warnings: 0
