Start time: 13:45:16 on Apr 15,2024
qverilog over_con.sv 
-- Compiling module over_soft
** Warning: over_con.sv(19): (qverilog-2240) Treating stand-alone use of function 'randomize' as an implicit VOID cast.

Top level modules:
	over_soft
# vsim -lib work work.over_soft -c -do "run -all; quit -f" -appendlog -l qverilog.log -vopt 
# ** Note: (vsim-3813) Design is being optimized due to module recompilation...
# ** Warning: over_con.sv(19): (vopt-2240) Treating stand-alone use of function 'randomize' as an implicit VOID cast.
# //  Questa Sim-64
# //  Version 10.7c win64 Aug 18 2018
# //
# //  Copyright 1991-2018 Mentor Graphics Corporation
# //  All Rights Reserved.
# //
# //  QuestaSim and its associated documentation contain trade
# //  secrets and commercial or financial information that are the property of
# //  Mentor Graphics Corporation and are privileged, confidential,
# //  and exempt from disclosure under the Freedom of Information Act,
# //  5 U.S.C. Section 552. Furthermore, this information
# //  is prohibited from disclosure under the Trade Secrets Act,
# //  18 U.S.C. Section 1905.
# //
# Loading sv_std.std
# Loading work.over_soft(fast)
# run -all
# X is           0
# X is           0
# X is           0
# X is           0
# X is           0
# X is           0
# X is           0
# X is           0
# X is           0
# X is           0
#  quit -f
# End time: 13:45:22 on Apr 15,2024, Elapsed time: 0:00:06
# Errors: 0, Warnings: 2
