Start time: 13:52:17 on Mar 29,2024
qverilog exp.sv 
-- Compiling module exp
** Warning: exp.sv(23): (qverilog-2240) Treating stand-alone use of function 'first' as an implicit VOID cast.
** Warning: exp.sv(25): (qverilog-2240) Treating stand-alone use of function 'last' as an implicit VOID cast.

Top level modules:
	exp
# vsim -lib work work.exp -c -do "run -all; quit -f" -appendlog -l qverilog.log -vopt 
# ** Note: (vsim-3812) Design is being optimized...
# ** Warning: exp.sv(23): (vopt-2240) Treating stand-alone use of function 'first' as an implicit VOID cast.
# ** Warning: exp.sv(25): (vopt-2240) Treating stand-alone use of function 'last' as an implicit VOID cast.
# //  Questa Sim-64
# //  Version 10.7c win64 Aug 18 2018
# //
# //  Copyright 1991-2018 Mentor Graphics Corporation
# //  All Rights Reserved.
# //
# //  QuestaSim and its associated documentation contain trade
# //  secrets and commercial or financial information that are the property of
# //  Mentor Graphics Corporation and are privileged, confidential,
# //  and exempt from disclosure under the Freedom of Information Act,
# //  5 U.S.C. Section 552. Furthermore, this information
# //  is prohibited from disclosure under the Trade Secrets Act,
# //  18 U.S.C. Section 1905.
# //
# Loading sv_std.std
# Loading work.exp(fast)
# run -all
# the number of elements are          43
# the array is '{8:26, 10:22, 12:61, 14:38, 16:35, 18:54, 19:21, 22:42, 23:72, 26:92, 28:75, 29:19, 30:61, 31:66, 34:51, 35:98, 39:32, 40:64, 45:74, 46:36, 48:15, 50:75, 52:2, 53:29, 54:80, 56:51, 57:50, 59:51, 60:82, 63:68, 65:71, 70:17, 77:83, 80:93, 82:20, 83:29, 85:47, 86:80, 89:59, 91:82, 96:32, 97:10, 100:6 }
# the 45 index exits
# the associative array first asso[8]=26
# the associative array last asso[100]=6
# the size of the array is          43
# the size of the array is          42
#  quit -f
# End time: 13:52:21 on Mar 29,2024, Elapsed time: 0:00:04
# Errors: 0, Warnings: 4
