Start time: 18:21:17 on Apr 12,2024
qverilog exp.sv 
-- Compiling module exp
** Warning: exp.sv(17): (qverilog-2240) Treating stand-alone use of function 'pop_front' as an implicit VOID cast.
** Warning: exp.sv(31): (qverilog-2240) Treating stand-alone use of function 'randomize' as an implicit VOID cast.

Top level modules:
	exp
# vsim -lib work work.exp -c -do "run -all; quit -f" -appendlog -l qverilog.log -vopt 
# ** Note: (vsim-3813) Design is being optimized due to module recompilation...
# ** Warning: exp.sv(17): (vopt-2240) Treating stand-alone use of function 'pop_front' as an implicit VOID cast.
# ** Warning: exp.sv(31): (vopt-2240) Treating stand-alone use of function 'randomize' as an implicit VOID cast.
# //  Questa Sim-64
# //  Version 10.7c win64 Aug 18 2018
# //
# //  Copyright 1991-2018 Mentor Graphics Corporation
# //  All Rights Reserved.
# //
# //  QuestaSim and its associated documentation contain trade
# //  secrets and commercial or financial information that are the property of
# //  Mentor Graphics Corporation and are privileged, confidential,
# //  and exempt from disclosure under the Freedom of Information Act,
# //  5 U.S.C. Section 552. Furthermore, this information
# //  is prohibited from disclosure under the Trade Secrets Act,
# //  18 U.S.C. Section 1905.
# //
# Loading sv_std.std
# Loading work.exp(fast)
# run -all
# a- 3
# a-12
# a- 0
# a-14
# a- 8
# a-10
# a-11
# a-15
# a- 7
# a- 2
#  quit -f
# End time: 18:21:22 on Apr 12,2024, Elapsed time: 0:00:05
# Errors: 0, Warnings: 4
