Start time: 17:16:10 on Apr 17,2024
qverilog without_unique.sv 
-- Compiling module without_unique
** Warning: without_unique.sv(26): (qverilog-2240) Treating stand-alone use of function 'randomize' as an implicit VOID cast.

Top level modules:
	without_unique
# vsim -lib work work.without_unique -c -do "run -all; quit -f" -appendlog -l qverilog.log -vopt 
# ** Note: (vsim-3813) Design is being optimized due to module recompilation...
# ** Warning: without_unique.sv(26): (vopt-2240) Treating stand-alone use of function 'randomize' as an implicit VOID cast.
# //  Questa Sim-64
# //  Version 10.7c win64 Aug 18 2018
# //
# //  Copyright 1991-2018 Mentor Graphics Corporation
# //  All Rights Reserved.
# //
# //  QuestaSim and its associated documentation contain trade
# //  secrets and commercial or financial information that are the property of
# //  Mentor Graphics Corporation and are privileged, confidential,
# //  and exempt from disclosure under the Freedom of Information Act,
# //  5 U.S.C. Section 552. Furthermore, this information
# //  is prohibited from disclosure under the Trade Secrets Act,
# //  18 U.S.C. Section 1905.
# //
# Loading sv_std.std
# Loading work.without_unique(fast)
# run -all
# arr is '{2, 14, 5, 6, 10, 1, 11, 4, 3, 9}
#  quit -f
# End time: 17:16:14 on Apr 17,2024, Elapsed time: 0:00:04
# Errors: 0, Warnings: 2
