Start time: 15:21:47 on Apr 10,2024
qverilog fun__in_con.sv 
-- Compiling module fun_in_con

Top level modules:
	fun_in_con
# vsim -lib work work.fun_in_con -c -do "run -all; quit -f" -appendlog -l qverilog.log -vopt 
# ** Note: (vsim-3813) Design is being optimized due to module recompilation...
# //  Questa Sim-64
# //  Version 10.7c win64 Aug 18 2018
# //
# //  Copyright 1991-2018 Mentor Graphics Corporation
# //  All Rights Reserved.
# //
# //  QuestaSim and its associated documentation contain trade
# //  secrets and commercial or financial information that are the property of
# //  Mentor Graphics Corporation and are privileged, confidential,
# //  and exempt from disclosure under the Freedom of Information Act,
# //  5 U.S.C. Section 552. Furthermore, this information
# //  is prohibited from disclosure under the Trade Secrets Act,
# //  18 U.S.C. Section 1905.
# //
# Loading sv_std.std
# Loading work.fun_in_con(fast)
# run -all
# val =          4
# val =          5
# val =          3
# val =          1
# val =         10
# val =          0
# val =          0
# val =          0
# val =          4
# val =          5
#  quit -f
# End time: 15:21:52 on Apr 10,2024, Elapsed time: 0:00:05
# Errors: 0, Warnings: 0
