Start time: 10:19:17 on Apr 26,2024
qverilog mem_top.sv 
-- Compiling module ram
-- Compiling interface mem_intf
-- Compiling package pkg
-- Compiling module mem_top
-- Importing package pkg

Top level modules:
	mem_top
# vsim -lib work work.mem_top -c -do "run -all; quit -f" -appendlog -l qverilog.log -vopt 
# ** Note: (vsim-3812) Design is being optimized...
# //  Questa Sim-64
# //  Version 10.7c win64 Aug 18 2018
# //
# //  Copyright 1991-2018 Mentor Graphics Corporation
# //  All Rights Reserved.
# //
# //  QuestaSim and its associated documentation contain trade
# //  secrets and commercial or financial information that are the property of
# //  Mentor Graphics Corporation and are privileged, confidential,
# //  and exempt from disclosure under the Freedom of Information Act,
# //  5 U.S.C. Section 552. Furthermore, this information
# //  is prohibited from disclosure under the Trade Secrets Act,
# //  18 U.S.C. Section 1905.
# //
# Loading sv_std.std
# Loading work.mem_intf(fast)
# Loading work.pkg(fast)
# Loading work.mem_top(fast)
# run -all
# ** Error: (vsim-3971) $cast to type 'enum int pkg::funct' from 'reg[1:0]' failed in file mem_moni.sv at line 27.
#    Time: 16 ns  Iteration: 0  Region: /pkg::mem_env::run_phase
#########################################################################
# DISPLAY CALLED In RFM
# NAME______________DATA________________TIME
# Function          IDLE		16
# READ Adds         0000		16
# WRITE Adds        0000		16
# READ  DATA        0000		16
# WRITE  DATA       0000		16
#########################################################################
#########################################################################
# DISPLAY CALLED In scoreboard
# NAME______________DATA________________TIME
# Function          IDLE		16
# READ Adds         0000		16
# WRITE Adds        0000		16
# READ  DATA        0000		16
# WRITE  DATA       0000		16
#########################################################################
#########################################################################
# DISPLAY CALLED In RFM
# NAME______________DATA________________TIME
# Function          read		26
# READ Adds         1010		26
# WRITE Adds        0000		26
# READ  DATA        0000		26
# WRITE  DATA       0000		26
#########################################################################
#########################################################################
# DISPLAY CALLED In scoreboard
# NAME______________DATA________________TIME
# Function          read		26
# READ Adds         1010		26
# WRITE Adds        0000		26
# READ  DATA        0000		26
# WRITE  DATA       0000		26
#########################################################################
# scoreboard in read, passed at                   26
#########################################################################
# DISPLAY CALLED In RFM
# NAME______________DATA________________TIME
# Function          IDLE		36
# READ Adds         0000		36
# WRITE Adds        0000		36
# READ  DATA        0000		36
# WRITE  DATA       0000		36
#########################################################################
#########################################################################
# DISPLAY CALLED In scoreboard
# NAME______________DATA________________TIME
# Function          IDLE		36
# READ Adds         0000		36
# WRITE Adds        0000		36
# READ  DATA        0000		36
# WRITE  DATA       0000		36
#########################################################################
#########################################################################
# DISPLAY CALLED In RFM
# NAME______________DATA________________TIME
# Function          simul		46
# READ Adds         1101		46
# WRITE Adds        0111		46
# READ  DATA        0000		46
# WRITE  DATA       110100		46
#########################################################################
#########################################################################
# DISPLAY CALLED In scoreboard
# NAME______________DATA________________TIME
# Function          simul		46
# READ Adds         1101		46
# WRITE Adds        0111		46
# READ  DATA        0000		46
# WRITE  DATA       110100		46
#########################################################################
# scoreboard in read, passed at                   46
# ** Note: $finish    : mem_top.sv(37)
#    Time: 55 ns  Iteration: 0  Instance: /mem_top
# End time: 10:19:23 on Apr 26,2024, Elapsed time: 0:00:06
# Errors: 1, Warnings: 0
