Start time: 10:33:29 on Apr 12,2024
qverilog imp_con.sv 
-- Compiling module imp_con
** Warning: imp_con.sv(28): (qverilog-2240) Treating stand-alone use of function 'randomize' as an implicit VOID cast.
** Warning: imp_con.sv(29): (qverilog-2240) Treating stand-alone use of function 'dis' as an implicit VOID cast.
** Warning: imp_con.sv(32): (qverilog-2240) Treating stand-alone use of function 'randomize' as an implicit VOID cast.
** Warning: imp_con.sv(33): (qverilog-2240) Treating stand-alone use of function 'dis' as an implicit VOID cast.

Top level modules:
	imp_con
# vsim -lib work work.imp_con -c -do "run -all; quit -f" -appendlog -l qverilog.log -vopt 
# ** Note: (vsim-3813) Design is being optimized due to module recompilation...
# ** Warning: imp_con.sv(28): (vopt-2240) Treating stand-alone use of function 'randomize' as an implicit VOID cast.
# ** Warning: imp_con.sv(29): (vopt-2240) Treating stand-alone use of function 'dis' as an implicit VOID cast.
# ** Warning: imp_con.sv(32): (vopt-2240) Treating stand-alone use of function 'randomize' as an implicit VOID cast.
# ** Warning: imp_con.sv(33): (vopt-2240) Treating stand-alone use of function 'dis' as an implicit VOID cast.
# ** Warning: imp_con.sv(19): (vopt-2250) Function "dis" has no return value assignment.
# //  Questa Sim-64
# //  Version 10.7c win64 Aug 18 2018
# //
# //  Copyright 1991-2018 Mentor Graphics Corporation
# //  All Rights Reserved.
# //
# //  QuestaSim and its associated documentation contain trade
# //  secrets and commercial or financial information that are the property of
# //  Mentor Graphics Corporation and are privileged, confidential,
# //  and exempt from disclosure under the Freedom of Information Act,
# //  5 U.S.C. Section 552. Furthermore, this information
# //  is prohibited from disclosure under the Trade Secrets Act,
# //  18 U.S.C. Section 1905.
# //
# Loading sv_std.std
# Loading work.imp_con(fast)
# run -all
# a== 2120529508 then b==        88
# a==  531133273 then b==        92
# a==         24 then b==        60
# a==         35 then b==        60
# a==  431501925 then b==        90
# a==   70827016 then b==        98
# a==  258216164 then b==        88
# a==  713202611 then b==        86
# a==         21 then b==        66
# a==-1309553386 then b==        95
# a==          7 then b==        15
#  quit -f
# End time: 10:33:44 on Apr 12,2024, Elapsed time: 0:00:15
# Errors: 0, Warnings: 9
