Start time: 15:17:29 on Apr 09,2024
qverilog bidir_con.sv 
-- Compiling module bidir_con
** Warning: bidir_con.sv(16): (qverilog-2240) Treating stand-alone use of function 'randomize' as an implicit VOID cast.

Top level modules:
	bidir_con
# vsim -lib work work.bidir_con -c -do "run -all; quit -f" -appendlog -l qverilog.log -vopt 
# ** Note: (vsim-3812) Design is being optimized...
# ** Warning: bidir_con.sv(16): (vopt-2240) Treating stand-alone use of function 'randomize' as an implicit VOID cast.
# //  Questa Sim-64
# //  Version 10.7c win64 Aug 18 2018
# //
# //  Copyright 1991-2018 Mentor Graphics Corporation
# //  All Rights Reserved.
# //
# //  QuestaSim and its associated documentation contain trade
# //  secrets and commercial or financial information that are the property of
# //  Mentor Graphics Corporation and are privileged, confidential,
# //  and exempt from disclosure under the Freedom of Information Act,
# //  5 U.S.C. Section 552. Furthermore, this information
# //  is prohibited from disclosure under the Trade Secrets Act,
# //  18 U.S.C. Section 1905.
# //
# Loading sv_std.std
# Loading work.bidir_con(fast)
# run -all
# '{x:146106427, y:-1362117167, z:-1216010740, t:146106427}
#  quit -f
# End time: 15:17:35 on Apr 09,2024, Elapsed time: 0:00:06
# Errors: 0, Warnings: 2
