Start time: 12:40:08 on Apr 25,2024
qverilog mem_top.sv 
-- Compiling module ram
-- Compiling interface mem_intf
-- Compiling package pkg
** Warning: ** while parsing file included at mem_top.sv(7)
** at mem_gen.sv(16): (qverilog-2240) Treating stand-alone use of function 'randomize' as an implicit VOID cast.
-- Compiling module mem_top
-- Importing package pkg

Top level modules:
	mem_top
# vsim -lib work work.mem_top -c -do "run -all; quit -f" -appendlog -l qverilog.log -vopt 
# ** Note: (vsim-3813) Design is being optimized due to module recompilation...
# ** Warning: mem_gen.sv(16): (vopt-2240) Treating stand-alone use of function 'randomize' as an implicit VOID cast.
# //  Questa Sim-64
# //  Version 10.7c win64 Aug 18 2018
# //
# //  Copyright 1991-2018 Mentor Graphics Corporation
# //  All Rights Reserved.
# //
# //  QuestaSim and its associated documentation contain trade
# //  secrets and commercial or financial information that are the property of
# //  Mentor Graphics Corporation and are privileged, confidential,
# //  and exempt from disclosure under the Freedom of Information Act,
# //  5 U.S.C. Section 552. Furthermore, this information
# //  is prohibited from disclosure under the Trade Secrets Act,
# //  18 U.S.C. Section 1905.
# //
# Loading sv_std.std
# Loading work.mem_intf(fast)
# Loading work.pkg(fast)
# Loading work.mem_top(fast)
# run -all
#########################################################################
# DISPLAY CALLED In RFM
# NAME______________DATA___________________________________TIME
# Function          simul                                          6
# READ Adds         1                                          6
# WRITE Adds        1110                                          6
# READ  DATA        0                                          6
# WRITE  DATA       110100                                          6
#########################################################################
#########################################################################
# DISPLAY CALLED In scoreboard
# NAME______________DATA___________________________________TIME
# Function          simul                                          6
# READ Adds         1                                          6
# WRITE Adds        1110                                          6
# READ  DATA        0                                          6
# WRITE  DATA       110100                                          6
#########################################################################
#########################################################################
# DISPLAY CALLED In RFM
# NAME______________DATA___________________________________TIME
# Function          simul                                         16
# READ Adds         1                                         16
# WRITE Adds        1110                                         16
# READ  DATA        0                                         16
# WRITE  DATA       110100                                         16
#########################################################################
#########################################################################
# DISPLAY CALLED In scoreboard
# NAME______________DATA___________________________________TIME
# Function          simul                                         16
# READ Adds         1                                         16
# WRITE Adds        1110                                         16
# READ  DATA        0                                         16
# WRITE  DATA       110100                                         16
#########################################################################
# ** Note: $finish    : mem_top.sv(36)
#    Time: 20 ns  Iteration: 0  Instance: /mem_top
# End time: 12:40:13 on Apr 25,2024, Elapsed time: 0:00:05
# Errors: 0, Warnings: 2
