Start time: 17:22:21 on Apr 09,2024
qverilog sol_bef.sv 
-- Compiling module sol_bef
** Warning: sol_bef.sv(15): (qverilog-2240) Treating stand-alone use of function 'randomize' as an implicit VOID cast.

Top level modules:
	sol_bef
# vsim -lib work work.sol_bef -c -do "run -all; quit -f" -appendlog -l qverilog.log -vopt 
# ** Note: (vsim-3813) Design is being optimized due to module recompilation...
# ** Warning: sol_bef.sv(15): (vopt-2240) Treating stand-alone use of function 'randomize' as an implicit VOID cast.
# //  Questa Sim-64
# //  Version 10.7c win64 Aug 18 2018
# //
# //  Copyright 1991-2018 Mentor Graphics Corporation
# //  All Rights Reserved.
# //
# //  QuestaSim and its associated documentation contain trade
# //  secrets and commercial or financial information that are the property of
# //  Mentor Graphics Corporation and are privileged, confidential,
# //  and exempt from disclosure under the Freedom of Information Act,
# //  5 U.S.C. Section 552. Furthermore, this information
# //  is prohibited from disclosure under the Trade Secrets Act,
# //  18 U.S.C. Section 1905.
# //
# Loading sv_std.std
# Loading work.sol_bef(fast)
# run -all
# propertires are '{en:2, val:9}
# propertires are '{en:2, val:9}
# propertires are '{en:2, val:8}
# propertires are '{en:1, val:7}
# propertires are '{en:6, val:720709198}
# propertires are '{en:0, val:6}
# propertires are '{en:2, val:6}
# propertires are '{en:2, val:6}
# propertires are '{en:0, val:6}
# propertires are '{en:2, val:10}
#  quit -f
# End time: 17:22:25 on Apr 09,2024, Elapsed time: 0:00:04
# Errors: 0, Warnings: 2
