Start time: 16:11:59 on Mar 29,2024
qverilog getter.sv 
-- Compiling package getter_sv_unit
-- Compiling module exp

Top level modules:
	exp
# vsim -lib work work.getter_sv_unit work.exp -c -do "run -all; quit -f" -appendlog -l qverilog.log -vopt 
# ** Note: (vsim-3813) Design is being optimized due to module recompilation...
# //  Questa Sim-64
# //  Version 10.7c win64 Aug 18 2018
# //
# //  Copyright 1991-2018 Mentor Graphics Corporation
# //  All Rights Reserved.
# //
# //  QuestaSim and its associated documentation contain trade
# //  secrets and commercial or financial information that are the property of
# //  Mentor Graphics Corporation and are privileged, confidential,
# //  and exempt from disclosure under the Freedom of Information Act,
# //  5 U.S.C. Section 552. Furthermore, this information
# //  is prohibited from disclosure under the Trade Secrets Act,
# //  18 U.S.C. Section 1905.
# //
# Loading sv_std.std
# Loading work.getter_sv_unit(fast)
# Loading work.exp(fast)
# run -all
# a:4,b:0,c:8
# the properties are '{a:4, b:0, c:8}
# the address is 65538
#  quit -f
# End time: 16:12:02 on Mar 29,2024, Elapsed time: 0:00:03
# Errors: 0, Warnings: 0
