Start time: 17:44:32 on Apr 16,2024
qverilog th_1.sv 
-- Compiling module th_1

Top level modules:
	th_1
# vsim -lib work work.th_1 -c -do "run -all; quit -f" -appendlog -l qverilog.log -vopt 
# ** Note: (vsim-3812) Design is being optimized...
# //  Questa Sim-64
# //  Version 10.7c win64 Aug 18 2018
# //
# //  Copyright 1991-2018 Mentor Graphics Corporation
# //  All Rights Reserved.
# //
# //  QuestaSim and its associated documentation contain trade
# //  secrets and commercial or financial information that are the property of
# //  Mentor Graphics Corporation and are privileged, confidential,
# //  and exempt from disclosure under the Freedom of Information Act,
# //  5 U.S.C. Section 552. Furthermore, this information
# //  is prohibited from disclosure under the Trade Secrets Act,
# //  18 U.S.C. Section 1905.
# //
# Loading sv_std.std
# Loading work.th_1(fast)
# run -all
#  quit -f
# End time: 17:44:37 on Apr 16,2024, Elapsed time: 0:00:05
# Errors: 0, Warnings: 0
