Start time: 12:50:00 on Apr 22,2024
qverilog top.sv 
-- Compiling interface dff_intf
-- Compiling module dff_tb
-- Compiling module dff
-- Compiling module top

Top level modules:
	top
# vsim -lib work work.top -c -do "run -all; quit -f" -appendlog -l qverilog.log -vopt 
# ** Note: (vsim-3813) Design is being optimized due to module recompilation...
# //  Questa Sim-64
# //  Version 10.7c win64 Aug 18 2018
# //
# //  Copyright 1991-2018 Mentor Graphics Corporation
# //  All Rights Reserved.
# //
# //  QuestaSim and its associated documentation contain trade
# //  secrets and commercial or financial information that are the property of
# //  Mentor Graphics Corporation and are privileged, confidential,
# //  and exempt from disclosure under the Freedom of Information Act,
# //  5 U.S.C. Section 552. Furthermore, this information
# //  is prohibited from disclosure under the Trade Secrets Act,
# //  18 U.S.C. Section 1905.
# //
# Loading sv_std.std
# Loading work.top(fast)
# Loading work.dff_tb(fast)
# Loading work.dff(fast)
# run -all
#                    0Q is x
#                    3Q is x
#  quit -f
# End time: 12:50:04 on Apr 22,2024, Elapsed time: 0:00:04
# Errors: 0, Warnings: 0
