Start time: 17:00:20 on Apr 12,2024
qverilog odd_num.sv 
-- Compiling module odd_num
** Warning: odd_num.sv(27): (qverilog-2240) Treating stand-alone use of function 'randomize' as an implicit VOID cast.

Top level modules:
	odd_num
# vsim -lib work work.odd_num -c -do "run -all; quit -f" -appendlog -l qverilog.log -vopt 
# ** Note: (vsim-3812) Design is being optimized...
# ** Warning: odd_num.sv(27): (vopt-2240) Treating stand-alone use of function 'randomize' as an implicit VOID cast.
# //  Questa Sim-64
# //  Version 10.7c win64 Aug 18 2018
# //
# //  Copyright 1991-2018 Mentor Graphics Corporation
# //  All Rights Reserved.
# //
# //  QuestaSim and its associated documentation contain trade
# //  secrets and commercial or financial information that are the property of
# //  Mentor Graphics Corporation and are privileged, confidential,
# //  and exempt from disclosure under the Freedom of Information Act,
# //  5 U.S.C. Section 552. Furthermore, this information
# //  is prohibited from disclosure under the Trade Secrets Act,
# //  18 U.S.C. Section 1905.
# //
# Loading sv_std.std
# Loading work.odd_num(fast)
# run -all
# arr='{15, 11, 25, 29, 23, 21, 25, 23, 27, 15, 13, 15, 25, 19, 17, 25, 15, 27, 17, 15, 23, 21, 27, 19, 25, 17}
#  quit -f
# End time: 17:00:24 on Apr 12,2024, Elapsed time: 0:00:04
# Errors: 0, Warnings: 2
