Start time: 14:06:39 on Apr 17,2024
qverilog th_2.sv 
-- Compiling module th_2

Top level modules:
	th_2
# vsim -lib work work.th_2 -c -do "run -all; quit -f" -appendlog -l qverilog.log -vopt 
# ** Note: (vsim-3813) Design is being optimized due to module recompilation...
# //  Questa Sim-64
# //  Version 10.7c win64 Aug 18 2018
# //
# //  Copyright 1991-2018 Mentor Graphics Corporation
# //  All Rights Reserved.
# //
# //  QuestaSim and its associated documentation contain trade
# //  secrets and commercial or financial information that are the property of
# //  Mentor Graphics Corporation and are privileged, confidential,
# //  and exempt from disclosure under the Freedom of Information Act,
# //  5 U.S.C. Section 552. Furthermore, this information
# //  is prohibited from disclosure under the Trade Secrets Act,
# //  18 U.S.C. Section 1905.
# //
# Loading sv_std.std
# Loading work.th_2(fast)
# run -all
# hello tanish
#                    0Entering into the method           3
#                    0Entering into the method           3
#                    0Entering into the method           3
#                    0Entering into the method           3
#                   10Exiting from the method           3
#                   10Exiting from the method           3
#                   10Exiting from the method           3
#                   10Exiting from the method           3
#  quit -f
# End time: 14:06:43 on Apr 17,2024, Elapsed time: 0:00:04
# Errors: 0, Warnings: 0
